Launching lib/main.dart on SM G780F in debug mode...
Running Gradle task 'assembleDebug'...                          
WARNING: Your app uses the following plugins that apply Kotlin Gradle Plugin (KGP): camera_android_camerax, sensors_plus
Future versions of Flutter will fail to build if your app uses plugins that apply KGP.

Please check the changelogs of these plugins and upgrade to a version that supports Built-in Kotlin.
If no such version exists, report the issue to the plugin. If necessary, here is a guide on filing 
an issue against a plugin: https://docs.flutter.dev/release/breaking-changes/migrate-to-built-in-kotlin/for-app-developers#report-incompatible-kotlin-gradle-plugin-usage-to-plugin-authors

If you are a plugin author, please migrate your plugin to Built-in Kotlin using this guide: https://docs.flutter.dev/release/breaking-changes/migrate-to-built-in-kotlin/for-plugin-authors
Running Gradle task 'assembleDebug'...                             70.7s
✓ Built build/app/outputs/flutter-apk/app-debug.apk
Installing build/app/outputs/flutter-apk/app-debug.apk...          78.8s
I/FlutterActivityAndFragmentDelegate(20355): If you are attempting to set --enable-dart-profiling via Intent extras to launch a Flutter component outside of using the Flutter CLI, note that support for setting engine flags on Android via Intent will soon be dropped; see https://github.com/flutter/flutter/issues/180686 for more information on this breaking change. To migrate, set --enable-dart-profiling or any other flags specified via Intent extras on the command line instead or see https://github.com/flutter/flutter/blob/main/docs/engine/Flutter-Android-Engine-Flags.md for alternative methods.
D/FlutterJNI(20355): Beginning load of flutter...
D/FlutterJNI(20355): flutter (null) was loaded normally!
I/flutter (20355): [IMPORTANT:flutter/shell/platform/android/android_context_vk_impeller.cc(62)] Using the Impeller rendering backend (Vulkan).
D/FlutterRenderer(20355): Width is zero. 0,0
I/Choreographer(20355): Skipped 164 frames!  The application may be doing too much work on its main thread.
I/SurfaceView@798faec(20355): onWindowVisibilityChanged(0) true io.flutter.embedding.android.FlutterSurfaceView{798faec V.E...... ......I. 0,0-0,0} of ViewRootImpl@6fc5bee[MainActivity]
D/SurfaceView@798faec(20355): updateSurface: has no frame
D/FlutterRenderer(20355): Width is zero. 0,0
I/ViewRootImpl@6fc5bee[MainActivity](20355): performTraversals params={(0,0)(fillxfill) sim={adjust=resize forwardNavigation} ty=BASE_APPLICATION wanim=0x1030001
I/ViewRootImpl@6fc5bee[MainActivity](20355):   fl=81810100
I/ViewRootImpl@6fc5bee[MainActivity](20355):   pfl=12020040
I/ViewRootImpl@6fc5bee[MainActivity](20355):   vsysui=500
I/ViewRootImpl@6fc5bee[MainActivity](20355):   bhv=DEFAULT
I/ViewRootImpl@6fc5bee[MainActivity](20355):   fitSides= naviIconColor=0}
I/ViewRootImpl@6fc5bee[MainActivity](20355): performTraversals mFirst=true windowShouldResize=true viewVisibilityChanged=false mForceNextWindowRelayout=false params={(0,0)(fillxfill) sim={adjust=resize forwardNavigation} ty=BASE_APPLICATION fmt=TRANSLUCENT wanim=0x1030001
I/ViewRootImpl@6fc5bee[MainActivity](20355):   fl=81810100
I/ViewRootImpl@6fc5bee[MainActivity](20355):   pfl=12020040
I/ViewRootImpl@6fc5bee[MainActivity](20355):   vsysui=500
I/ViewRootImpl@6fc5bee[MainActivity](20355):   bhv=DEFAULT
I/ViewRootImpl@6fc5bee[MainActivity](20355):   fitSides= naviIconColor=0}
I/x_aesthetic_app(20355): Compiler allocated 6148KB to compile void android.view.ViewRootImpl.performTraversals()
I/ViewRootImpl@6fc5bee[MainActivity](20355): updateBlastSurfaceIfNeeded mBlastBufferQueue=null isSameSurfaceControl=false
I/BLASTBufferQueue(20355): new BLASTBufferQueue, mName= ViewRootImpl@6fc5bee[MainActivity] mNativeObject= 0x7c89c09100 sc.mNativeObject= 0x7c89888000 caller= android.view.ViewRootImpl.updateBlastSurfaceIfNeeded:2909 android.view.ViewRootImpl.relayoutWindow:9847 android.view.ViewRootImpl.performTraversals:3884 android.view.ViewRootImpl.doTraversal:3116 android.view.ViewRootImpl$TraversalRunnable.run:10885 android.view.Choreographer$CallbackRecord.run:1301 android.view.Choreographer$CallbackRecord.run:1309 android.view.Choreographer.doCallbacks:923 android.view.Choreographer.doFrame:852 android.view.Choreographer$FrameDisplayEventReceiver.run:1283 
I/BLASTBufferQueue(20355): update, w= 1080 h= 2400 mName = ViewRootImpl@6fc5bee[MainActivity] mNativeObject= 0x7c89c09100 sc.mNativeObject= 0x7c89888000 format= -3 caller= android.graphics.BLASTBufferQueue.<init>:84 android.view.ViewRootImpl.updateBlastSurfaceIfNeeded:2909 android.view.ViewRootImpl.relayoutWindow:9847 android.view.ViewRootImpl.performTraversals:3884 android.view.ViewRootImpl.doTraversal:3116 android.view.ViewRootImpl$TraversalRunnable.run:10885 
I/ViewRootImpl@6fc5bee[MainActivity](20355): Relayout returned: old=(0,0,1080,2400) new=(0,0,1080,2400) req=(1080,2400)0 dur=14 res=0x3 s={true 0x7c89890000} ch=true seqId=0
I/ViewRootImpl@6fc5bee[MainActivity](20355): mThreadedRenderer.initialize() mSurface={isValid=true 0x7c89890000} hwInitialized=true
D/FlutterJNI(20355): Sending viewport metrics to the engine.
D/OpenGLRenderer(20355): eglCreateWindowSurface
D/SurfaceView@798faec(20355): updateSurface: has no frame
I/SurfaceView@798faec(20355): windowStopped(false) true io.flutter.embedding.android.FlutterSurfaceView{798faec V.E...... ......ID 0,0-1080,2358} of ViewRootImpl@6fc5bee[MainActivity]
D/SurfaceView@798faec(20355): updateSurface: has no frame
I/ViewRootImpl@6fc5bee[MainActivity](20355): reportNextDraw android.view.ViewRootImpl.performTraversals:4438 android.view.ViewRootImpl.doTraversal:3116 android.view.ViewRootImpl$TraversalRunnable.run:10885 android.view.Choreographer$CallbackRecord.run:1301 android.view.Choreographer$CallbackRecord.run:1309 
I/SurfaceView@798faec(20355): Changes: creating=true format=true size=true visible=true alpha=false hint=false mUseAlpha=false visible=true left=true top=true
I/BLASTBufferQueue(20355): update, w= 1080 h= 2358 mName = null mNativeObject= 0x7c89c09d00 sc.mNativeObject= 0x7c89888460 format= 4 caller= android.view.SurfaceView.createBlastSurfaceControls:1383 android.view.SurfaceView.updateSurface:1079 android.view.SurfaceView.lambda$new$0$android-view-SurfaceView:200 android.view.SurfaceView$$ExternalSyntheticLambda5.onPreDraw:2 android.view.ViewTreeObserver.dispatchOnPreDraw:1121 android.view.ViewRootImpl.performTraversals:4442 
I/SurfaceView@798faec(20355): 127466220 Cur surface: Surface(name=null)/@0x245cc5a
I/SurfaceView@798faec(20355): pST: sr = Rect(0, 0 - 1080, 2358) sw = 1080 sh = 2358
D/SurfaceView@798faec(20355): performSurfaceTransaction RenderWorker position = [0, 0, 1080, 2358] surfaceSize = 1080x2358
I/SurfaceView@798faec(20355): applyTransactionOnVriDraw: vri = ViewRootImpl@6fc5bee[MainActivity] fRS = false t = 0x7d09dd6d00 android.view.SurfaceView.performSurfaceTransaction:959 android.view.SurfaceView.updateSurface:1105 android.view.SurfaceView.lambda$new$0$android-view-SurfaceView:200 
I/ViewRootImpl@6fc5bee[MainActivity](20355): applyTransactionOnDraw: mRemoved = false isHardwareEnabled = true t = 0x7d09dd6d00android.view.SurfaceView.applyTransactionOnVriDraw:2048 android.view.SurfaceView.performSurfaceTransaction:959 android.view.SurfaceView.updateSurface:1105 android.view.SurfaceView.lambda$new$0$android-view-SurfaceView:200 android.view.SurfaceView$$ExternalSyntheticLambda5.onPreDraw:2 
I/SurfaceView@798faec(20355): updateSurface: mVisible = true mSurface.isValid() = true
I/SurfaceView@798faec(20355): updateSurface: mSurfaceCreated = false surfaceChanged = true visibleChanged = true
I/SurfaceView@798faec(20355): visibleChanged -- surfaceCreated
I/SurfaceView@798faec(20355): surfaceCreated 1 #8 io.flutter.embedding.android.FlutterSurfaceView{798faec V.E...... ......ID 0,0-1080,2358}
I/Gralloc4(20355): mapper 4.x is not supported
W/Gralloc3(20355): mapper 3.x is not supported
I/gralloc (20355): Arm Module v1.0
W/Gralloc4(20355): allocator 4.x is not supported
W/Gralloc3(20355): allocator 3.x is not supported
E/GraphicBufferAllocator(20355): Failed to allocate (4 x 4) layerCount 1 format 56 usage b00: 5
E/AHardwareBuffer(20355): GraphicBuffer(w=4, h=4, lc=1) failed (Unknown error -5), handle=0x0
E/GraphicBufferAllocator(20355): Failed to allocate (4 x 4) layerCount 1 format 56 usage b00: 5
E/AHardwareBuffer(20355): GraphicBuffer(w=4, h=4, lc=1) failed (Unknown error -5), handle=0x0
I/SurfaceView@798faec(20355): surfaceChanged -- format=4 w=1080 h=2358
I/SurfaceView@798faec(20355): surfaceChanged (1080,2358) 1 #8 io.flutter.embedding.android.FlutterSurfaceView{798faec V.E...... ......ID 0,0-1080,2358}
I/SurfaceView@798faec(20355): surfaceRedrawNeeded
V/SurfaceView@798faec(20355): Layout: x=0 y=0 w=1080 h=2358, frame=Rect(0, 0 - 1080, 2358)
D/SensorManager(20355): registerListener :: 1, ICM42632M Accelerometer, 200000, 0, 
I/BLASTBufferQueue(20355): [SurfaceView[com.example.x_aesthetic_app/com.example.x_aesthetic_app.MainActivity]@0#1](f:0,a:0) onFrameAvailable the first frame is available
I/ViewRootImpl@6fc5bee[MainActivity](20355): Setup new sync id=0
I/ViewRootImpl@6fc5bee[MainActivity](20355): Setting syncFrameCallback
I/ViewRootImpl@6fc5bee[MainActivity](20355): registerCallbacksForSync syncBuffer=false
D/SurfaceView@798faec(20355): updateSurfacePosition RenderWorker, frameNr = 1, position = [0, 0, 1080, 2358] surfaceSize = 1080x2358
I/SurfaceView@798faec(20355): uSP: rtp = Rect(0, 0 - 1080, 2358) rtsw = 1080 rtsh = 2358
I/SurfaceView@798faec(20355): onSSPAndSRT: pl = 0 pt = 0 sx = 1.0 sy = 1.0
I/SurfaceView@798faec(20355): aOrMT: ViewRootImpl@6fc5bee[MainActivity] t = android.view.SurfaceControl$Transaction@7ed8ebd fN = 1 android.view.SurfaceView.-$$Nest$mapplyOrMergeTransaction:0 android.view.SurfaceView$SurfaceViewPositionUpdateListener.positionChanged:1537 android.graphics.RenderNode$CompositePositionUpdateListener.positionChanged:373 
I/ViewRootImpl@6fc5bee[MainActivity](20355): mWNT: t=0x7d09dd6e00 mBlastBufferQueue=0x7c89c09100 fn= 1 caller= android.view.SurfaceView.applyOrMergeTransaction:1455 android.view.SurfaceView.-$$Nest$mapplyOrMergeTransaction:0 android.view.SurfaceView$SurfaceViewPositionUpdateListener.positionChanged:1537 
I/ViewRootImpl@6fc5bee[MainActivity](20355): mWNT: t=0x7d09dd6d00 mBlastBufferQueue=0x7c89c09100 fn= 1 caller= android.view.ViewRootImpl.lambda$applyTransactionOnDraw$11$android-view-ViewRootImpl:12865 android.view.ViewRootImpl$$ExternalSyntheticLambda1.onFrameDraw:4 android.graphics.HardwareRenderer$FrameDrawingCallback.onFrameDraw:924 
I/ViewRootImpl@6fc5bee[MainActivity](20355): Received frameDrawingCallback syncResult=0 frameNum=1.
I/ViewRootImpl@6fc5bee[MainActivity](20355): Setting up sync and frameCommitCallback
I/BLASTBufferQueue(20355): [ViewRootImpl@6fc5bee[MainActivity]#0](f:0,a:0) onFrameAvailable the first frame is available
I/ViewRootImpl@6fc5bee[MainActivity](20355): Received frameCommittedCallback lastAttemptedDrawFrameNum=1 didProduceBuffer=true
D/OpenGLRenderer(20355): CFMS:: SetUp Pid : 20355    Tid : 20463
Syncing files to device SM G780F...                             
W/Parcel  (20355): Expecting binder but got null!
I/ViewRootImpl@6fc5bee[MainActivity](20355): onSyncComplete
I/ViewRootImpl@6fc5bee[MainActivity](20355): setupSync seqId=0 mSyncId=0 fn=1 caller=android.view.ViewRootImpl$$ExternalSyntheticLambda11.accept:6 android.window.SurfaceSyncer.lambda$setupSync$1$android-window-SurfaceSyncer:128 android.window.SurfaceSyncer$$ExternalSyntheticLambda1.accept:8 android.window.SurfaceSyncer$SyncSet.checkIfSyncIsComplete:382 android.window.SurfaceSyncer$SyncSet.markSyncReady:359 android.window.SurfaceSyncer.markSyncReady:151 android.view.ViewRootImpl.performTraversals:4503 
I/ViewRootImpl@6fc5bee[MainActivity](20355): reportDrawFinished seqId=0 mSyncId=-1 fn=1 mSurfaceChangedTransaction=0x7d14764900
I/SurfaceView@798faec(20355): finishedDrawing
I/ViewRootImpl@6fc5bee[MainActivity](20355): MSG_WINDOW_FOCUS_CHANGED 1 0
I/ViewRootImpl@6fc5bee[MainActivity](20355): mThreadedRenderer.initializeIfNeeded()#2 mSurface={isValid=true 0x7c89890000}
D/InputMethodManager(20355): startInputInner - Id : 0
I/InputMethodManager(20355): startInputInner - mService.startInputOrWindowGainedFocus
D/FlutterJNI(20355): Sending viewport metrics to the engine.
D/InputMethodManager(20355): startInputInner - Id : 0
D/InsetsController(20355): onStateChanged: InsetsState: {mDisplayFrame=Rect(0, 0 - 1080, 2400), mDisplayCutout=DisplayCutout{insets=Rect(0, 88 - 0, 0) waterfall=Insets{left=0, top=0, right=0, bottom=0} boundingRect={Bounds=[Rect(0, 0 - 0, 0), Rect(512, 0 - 568, 88), Rect(0, 0 - 0, 0), Rect(0, 0 - 0, 0)]} cutoutPathParserInfo={CutoutPathParserInfo{displayWidth=1080 displayHeight=2400 physicalDisplayWidth=1080 physicalDisplayHeight=2400 density={3.0} cutoutSpec={M 0,0 M 0,10.71963616907435 a 9.280363830925644,9.280363830925644 0 1,0 0,18.56072766185129 a 9.280363830925644,9.280363830925644 0 1,0 0,-18.56072766185129 Z @dp} rotation={0} scale={1.0} physicalPixelDisplaySizeRatio={1.0}}}}, mRoundedCorners=RoundedCorners{[RoundedCorner{position=TopLeft, radius=90, center=Point(90, 90)}, RoundedCorner{position=TopRight, radius=90, center=Point(990, 90)}, RoundedCorner{position=BottomRight, radius=90, center=Point(990, 2310)}, RoundedCorner{position=BottomLeft, radius=90, center=Point(90, 2310)}]}  mRoundedCornerFrame=Rect(0, 0 - 1080, 2400), mPrivacyIndicatorBounds=PrivacyIndicatorBounds {static bounds=Rect(956, 0 - 1080, 88) rotation=0}, mSources= { InsetsSource: {mType=ITYPE_STATUS_BAR, mFrame=[0,0][1080,88], mVisible=true, mInsetsRoundedCornerFrame=false}, InsetsSource: {mType=ITYPE_NAVIGATION_BAR, mFrame=[0,2358][1080,2400], mVisible=true, mInsetsRoundedCornerFrame=false}, InsetsSource: {mType=ITYPE_LEFT_GESTURES, mFrame=[0,0][84,2400], mVisible=true, mInsetsRoundedCornerFrame=false}, InsetsSource: {mType=ITYPE_RIGHT_GESTURES, mFrame=[996,0][1080,2400], mVisible=true, mInsetsRoundedCornerFrame=false}, InsetsSource: {mType=ITYPE_TOP_MANDATORY_GESTURES, mFrame=[0,0][1080,122], mVisible=true, mInsetsRoundedCornerFrame=false}, InsetsSource: {mType=ITYPE_BOTTOM_MANDATORY_GESTURES, mFrame=[0,2310][1080,2400], mVisible=true, mInsetsRoundedCornerFrame=false}, InsetsSource: {mType=ITYPE_LEFT_DISPLAY_CUTOUT, mFrame=[0,0][-100000,2400], mVisible=true, mInsetsRoundedCornerFrame=false}, InsetsSource: {mType=ITYPE_TOP_DISPLAY_CUTOUT, mFrame=[0,0][1080,88], mVisible=true, mInsetsRoundedCornerFrame=false}, InsetsSource: {mType=ITYPE_RIGHT_DISPLAY_CUTOUT, mFrame=[100000,0][1080,2400], mVisible=true, mInsetsRoundedCornerFrame=false}, InsetsSource: {mType=ITYPE_BOTTOM_DISPLAY_CUTOUT, mFrame=[0,100000][1080,2400], mVisible=true, mInsetsRoundedCornerFrame=false}, InsetsSource: {mType=ITYPE_TOP_TAPPABLE_ELEMENT, mFrame=[0,0][1080,88], mVisible=true, mInsetsRoundedCornerFrame=false}, InsetsSource: {mType=ITYPE_BOTTOM_TAPPABLE_ELEMENT, mFrame=[0,0][0,0], mVisible=true, mInsetsRoundedCornerFrame=false}, InsetsSource: {mType=ITYPE_IME, mFrame=[0,0][0,0], mVisible=false, mInsetsRoundedCornerFrame=false} } host=com.example.x_aesthetic_app/com.example.x_aesthetic_app.MainActivity from=android.view.ViewRootImpl$ViewRootHandler.handleMessageImpl:6740
D/FlutterJNI(20355): Sending viewport metrics to the engine.
Syncing files to device SM G780F...                                262ms

Flutter run key commands.
r Hot reload. 🔥🔥🔥
R Hot restart.
h List all available interactive commands.
d Detach (terminate "flutter run" but leave application running).
c Clear the screen
q Quit (terminate the application on the device).

A Dart VM Service on SM G780F is available at: http://127.0.0.1:42261/aGRWv-bFJF0=/
The Flutter DevTools debugger and profiler on SM G780F is available at: http://127.0.0.1:42261/aGRWv-bFJF0=/devtools/?uri=ws://127.0.0.1:42261/aGRWv-bFJF0=/ws
D/ProfileInstaller(20355): Installing profile for com.example.x_aesthetic_app
Lost connection to device.
